Using pre-set license
Built from '2020.3/staging' branch; Version is '2020.3.26f1 (7298b473bc1a) revision 7510196'; Using compiler version '192528614'; Build Type 'Release'
OS: 'Windows 10  (10.0.19042) 64bit Professional' Language: 'es' Physical Memory: 3991 MB
BatchMode: 1, IsHumanControllingUs: 0, StartBugReporterOnCrash: 0, Is64bit: 1, IsPro: 0

COMMAND LINE ARGUMENTS:
C:\Program Files\Unity folder\2020.3.26f1\Editor\Unity.exe
-adb2
-batchMode
-noUpm
-name
AssetImportWorker0
-projectPath
C:/Users/usuario/Documents/Projectos unity/Proyecto Arcade, matmarcanos movil
-logFile
Logs/AssetImportWorker0.log
-srvPort
52302
Successfully changed project path to: C:/Users/usuario/Documents/Projectos unity/Proyecto Arcade, matmarcanos movil
C:/Users/usuario/Documents/Projectos unity/Proyecto Arcade, matmarcanos movil
Using Asset Import Pipeline V2.
Refreshing native plugins compatible for Editor in 3654.78 ms, found 3 plugins.
Preloading 0 native plugins for Editor in 0.00 ms.
Initialize engine version: 2020.3.26f1 (7298b473bc1a)
[Subsystems] Discovering subsystems at path C:/Program Files/Unity folder/2020.3.26f1/Editor/Data/Resources/UnitySubsystems
[Subsystems] Discovering subsystems at path C:/Users/usuario/Documents/Projectos unity/Proyecto Arcade, matmarcanos movil/Assets
GfxDevice: creating device client; threaded=0
Direct3D:
    Version:  Direct3D 11.0 [level 11.0]
    Renderer: Intel(R) HD Graphics (ID=0x156)
    Vendor:   
    VRAM:     128 MB
    Driver:   10.18.10.5069
